2026-05-01 13:44:07,527 - INFO - Data Processing initalized...
2026-05-01 13:44:07,660 - INFO - Data loaded sucesfully...
2026-05-01 13:44:07,712 - INFO - All basic data preprocessing done..
2026-05-01 13:44:07,776 - INFO - All things saved sucesfully for Data processing..
2026-05-01 13:54:44,994 - INFO - Model Training initialized...
2026-05-01 13:54:45,067 - INFO - Data loaded sucesfuly...
2026-05-01 13:54:45,323 - INFO - Model trained and saved sucesfuly...
2026-05-01 13:54:45,334 - INFO - Accuracy : 0.91655
2026-05-01 13:54:45,334 - INFO - Precision Score : 0.914972438439482
2026-05-01 13:54:45,341 - INFO - Recall Score : 0.91655
2026-05-01 13:54:45,341 - INFO - F1 Score : 0.9156103493286444
2026-05-01 13:54:45,341 - INFO - Model Evaluation Done..
2026-05-01 13:56:14,713 - INFO - Data Processing initalized...
2026-05-01 13:56:14,858 - INFO - Data loaded sucesfully...
2026-05-01 13:56:14,913 - INFO - All basic data preprocessing done..
2026-05-01 13:56:14,978 - INFO - All things saved sucesfully for Data processing..
2026-05-01 13:56:14,980 - INFO - Model Training initialized...
2026-05-01 13:56:15,049 - INFO - Data loaded sucesfuly...
2026-05-01 13:56:15,296 - INFO - Model trained and saved sucesfuly...
2026-05-01 13:56:15,304 - INFO - Accuracy : 0.91655
2026-05-01 13:56:15,304 - INFO - Precision Score : 0.914972438439482
2026-05-01 13:56:15,304 - INFO - Recall Score : 0.91655
2026-05-01 13:56:15,304 - INFO - F1 Score : 0.9156103493286444
2026-05-01 13:56:15,304 - INFO - Model Evaluation Done..
